1661019735853	geckodriver	INFO	Listening on 127.0.0.1:53332
1661019923747	geckodriver	INFO	Listening on 127.0.0.1:53500
1661019926808	mozrunner::runner	INFO	Running command: "C:\\Program Files\\Mozilla Firefox\\firefox.exe" "--marionette" "--remote-debugging-port" "53501" "--remote-allow-hosts" "localhost" "-no-remote" "-profile" "C:\\Users\\robin\\AppData\\Local\\Temp\\rust_mozprofilejtDVRJ"
1661019927333	Marionette	INFO	Marionette enabled
1661019927341	Marionette	INFO	Listening on port 53512
WebDriver BiDi listening on ws://localhost:53501
Read port: 53512
1661019927511	RemoteAgent	WARN	TLS certificate errors will be ignored for this session
console.warn: SearchSettings: "get: No settings file exists, new profile?" (new NotFoundError("Could not open the file at C:\\Users\\robin\\AppData\\Local\\Temp\\rust_mozprofilejtDVRJ\\search.json.mozlz4", (void 0)))
DevTools listening on ws://localhost:53501/devtools/browser/6f125d91-050a-4a27-8ed3-1a38ccab3fb1
JavaScript error: https://stockx.com/fr-fr/sneakers/most-popular, line 43: TypeError: p is null
JavaScript warning: https://2f80101b9a2a.cdn4.forter.com/sn/2f80101b9a2a/script.js, line 1: WEBGL_debug_renderer_info is deprecated in Firefox and will be removed. Please use RENDERER.
JavaScript warning: https://beacon.riskified.com/?shop=stockx.com&sid=ad9dfad0-d967-4132-afd8-1e9478e5ef09, line 7: WEBGL_debug_renderer_info is deprecated in Firefox and will be removed. Please use RENDERER.
1661019947005	Marionette	INFO	Stopped listening on port 53512
console.warn: TopSitesFeed: Failed to fetch data from Contile server: NetworkError when attempting to fetch resource.
1661020096828	geckodriver	INFO	Listening on 127.0.0.1:53676
1661020099897	mozrunner::runner	INFO	Running command: "C:\\Program Files\\Mozilla Firefox\\firefox.exe" "--marionette" "--remote-debugging-port" "53677" "--remote-allow-hosts" "localhost" "-no-remote" "-profile" "C:\\Users\\robin\\AppData\\Local\\Temp\\rust_mozprofileePjBHS"
1661020100413	Marionette	INFO	Marionette enabled
1661020100420	Marionette	INFO	Listening on port 53690
WebDriver BiDi listening on ws://localhost:53677
Read port: 53690
1661020100587	RemoteAgent	WARN	TLS certificate errors will be ignored for this session
console.warn: SearchSettings: "get: No settings file exists, new profile?" (new NotFoundError("Could not open the file at C:\\Users\\robin\\AppData\\Local\\Temp\\rust_mozprofileePjBHS\\search.json.mozlz4", (void 0)))
DevTools listening on ws://localhost:53677/devtools/browser/edd3a4f5-79ed-4563-97fe-04327850423d
JavaScript error: https://stockx.com/fr-fr/sneakers/most-popular, line 39: TypeError: p is null
JavaScript warning: https://2f80101b9a2a.cdn4.forter.com/sn/2f80101b9a2a/script.js, line 1: WEBGL_debug_renderer_info is deprecated in Firefox and will be removed. Please use RENDERER.
JavaScript warning: https://beacon.riskified.com/?shop=stockx.com&sid=90f6792e-b3df-4805-baa8-3b54b27b56ff, line 7: WEBGL_debug_renderer_info is deprecated in Firefox and will be removed. Please use RENDERER.
1661020114466	Marionette	INFO	Stopped listening on port 53690
console.warn: TopSitesFeed: Failed to fetch data from Contile server: NetworkError when attempting to fetch resource.
!!! error running onStopped callback: TypeError: callback is not a function
1661020140856	geckodriver	INFO	Listening on 127.0.0.1:53793
1661020143905	mozrunner::runner	INFO	Running command: "C:\\Program Files\\Mozilla Firefox\\firefox.exe" "--marionette" "--remote-debugging-port" "53794" "--remote-allow-hosts" "localhost" "-no-remote" "-profile" "C:\\Users\\robin\\AppData\\Local\\Temp\\rust_mozprofilea6OZeN"
1661020144427	Marionette	INFO	Marionette enabled
1661020144435	Marionette	INFO	Listening on port 53803
WebDriver BiDi listening on ws://localhost:53794
Read port: 53803
1661020144597	RemoteAgent	WARN	TLS certificate errors will be ignored for this session
console.warn: SearchSettings: "get: No settings file exists, new profile?" (new NotFoundError("Could not open the file at C:\\Users\\robin\\AppData\\Local\\Temp\\rust_mozprofilea6OZeN\\search.json.mozlz4", (void 0)))
DevTools listening on ws://localhost:53794/devtools/browser/5c2fefa4-5013-453c-b1c4-3e2bf13499f4
JavaScript error: https://stockx.com/fr-fr/sneakers/most-popular, line 39: TypeError: p is null
JavaScript warning: https://2f80101b9a2a.cdn4.forter.com/sn/2f80101b9a2a/script.js, line 1: WEBGL_debug_renderer_info is deprecated in Firefox and will be removed. Please use RENDERER.
JavaScript warning: https://beacon.riskified.com/?shop=stockx.com&sid=ed3d901a-4e29-440e-9221-36a0dc9f5f75, line 7: WEBGL_debug_renderer_info is deprecated in Firefox and will be removed. Please use RENDERER.
1661020160310	Marionette	INFO	Stopped listening on port 53803
console.warn: TopSitesFeed: Failed to fetch data from Contile server: NetworkError when attempting to fetch resource.
1661020176568	geckodriver	INFO	Listening on 127.0.0.1:53894
1661020179653	mozrunner::runner	INFO	Running command: "C:\\Program Files\\Mozilla Firefox\\firefox.exe" "--marionette" "--remote-debugging-port" "53895" "--remote-allow-hosts" "localhost" "-no-remote" "-profile" "C:\\Users\\robin\\AppData\\Local\\Temp\\rust_mozprofile2o3Fmf"
1661020180179	Marionette	INFO	Marionette enabled
1661020180186	Marionette	INFO	Listening on port 53908
WebDriver BiDi listening on ws://localhost:53895
Read port: 53908
1661020180351	RemoteAgent	WARN	TLS certificate errors will be ignored for this session
console.warn: SearchSettings: "get: No settings file exists, new profile?" (new NotFoundError("Could not open the file at C:\\Users\\robin\\AppData\\Local\\Temp\\rust_mozprofile2o3Fmf\\search.json.mozlz4", (void 0)))
DevTools listening on ws://localhost:53895/devtools/browser/379a3633-6534-47fa-88d2-fa1647ec936b
JavaScript error: https://stockx.com/fr-fr/sneakers/most-popular, line 43: TypeError: p is null
JavaScript warning: https://2f80101b9a2a.cdn4.forter.com/sn/2f80101b9a2a/script.js, line 1: WEBGL_debug_renderer_info is deprecated in Firefox and will be removed. Please use RENDERER.
JavaScript warning: https://beacon.riskified.com/?shop=stockx.com&sid=fe9a9af5-3848-4f42-967e-ada35699bbc3, line 7: WEBGL_debug_renderer_info is deprecated in Firefox and will be removed. Please use RENDERER.
1661020204432	Marionette	INFO	Stopped listening on port 53908
console.warn: TopSitesFeed: Failed to fetch data from Contile server: NetworkError when attempting to fetch resource.
1661020377195	geckodriver	INFO	Listening on 127.0.0.1:54104
1661020380243	mozrunner::runner	INFO	Running command: "C:\\Program Files\\Mozilla Firefox\\firefox.exe" "--marionette" "--remote-debugging-port" "54105" "--remote-allow-hosts" "localhost" "-no-remote" "-profile" "C:\\Users\\robin\\AppData\\Local\\Temp\\rust_mozprofileKFV1ZY"
1661020380764	Marionette	INFO	Marionette enabled
1661020380772	Marionette	INFO	Listening on port 54118
WebDriver BiDi listening on ws://localhost:54105
Read port: 54118
1661020380932	RemoteAgent	WARN	TLS certificate errors will be ignored for this session
console.warn: SearchSettings: "get: No settings file exists, new profile?" (new NotFoundError("Could not open the file at C:\\Users\\robin\\AppData\\Local\\Temp\\rust_mozprofileKFV1ZY\\search.json.mozlz4", (void 0)))
DevTools listening on ws://localhost:54105/devtools/browser/35198018-731f-47e7-804f-35d18fcff984
JavaScript error: https://stockx.com/fr-fr/sneakers/most-popular, line 39: TypeError: p is null
JavaScript warning: https://2f80101b9a2a.cdn4.forter.com/sn/2f80101b9a2a/script.js, line 1: WEBGL_debug_renderer_info is deprecated in Firefox and will be removed. Please use RENDERER.
JavaScript warning: https://beacon.riskified.com/?shop=stockx.com&sid=56e4692a-de5e-47ec-b5dc-fc84f858f7f5, line 7: WEBGL_debug_renderer_info is deprecated in Firefox and will be removed. Please use RENDERER.
1661020388699	Marionette	INFO	Stopped listening on port 54118
JavaScript error: resource://gre/modules/Sqlite.jsm, line 1109: Error: Sqlite.jsm has been shutdown. Cannot open connection to: C:\Users\robin\AppData\Local\Temp\rust_mozprofileKFV1ZY\protections.sqlite
1661020401985	geckodriver	INFO	Listening on 127.0.0.1:54235
1661020405047	mozrunner::runner	INFO	Running command: "C:\\Program Files\\Mozilla Firefox\\firefox.exe" "--marionette" "--remote-debugging-port" "54236" "--remote-allow-hosts" "localhost" "-no-remote" "-profile" "C:\\Users\\robin\\AppData\\Local\\Temp\\rust_mozprofile7Dc1M4"
1661020405557	Marionette	INFO	Marionette enabled
1661020405563	Marionette	INFO	Listening on port 54247
WebDriver BiDi listening on ws://localhost:54236
Read port: 54247
1661020405716	RemoteAgent	WARN	TLS certificate errors will be ignored for this session
console.warn: SearchSettings: "get: No settings file exists, new profile?" (new NotFoundError("Could not open the file at C:\\Users\\robin\\AppData\\Local\\Temp\\rust_mozprofile7Dc1M4\\search.json.mozlz4", (void 0)))
DevTools listening on ws://localhost:54236/devtools/browser/633ea58f-90cd-4a19-a467-0808734b5b72
JavaScript error: https://stockx.com/fr-fr/sneakers/most-popular, line 39: TypeError: p is null
1661020409141	Marionette	INFO	Stopped listening on port 54247
JavaScript error: resource://gre/actors/ContentMetaChild.jsm, line 185: InvalidStateError: JSWindowActorChild.sendAsyncMessage: JSWindowActorChild cannot send at the moment
JavaScript error: resource://gre/modules/Sqlite.jsm, line 1109: Error: Sqlite.jsm has been shutdown. Cannot open connection to: C:\Users\robin\AppData\Local\Temp\rust_mozprofile7Dc1M4\protections.sqlite
1661020548139	geckodriver	INFO	Listening on 127.0.0.1:52755
1661020551210	mozrunner::runner	INFO	Running command: "C:\\Program Files\\Mozilla Firefox\\firefox.exe" "--marionette" "--remote-debugging-port" "52756" "--remote-allow-hosts" "localhost" "-no-remote" "-profile" "C:\\Users\\robin\\AppData\\Local\\Temp\\rust_mozprofilekKt0al"
1661020551730	Marionette	INFO	Marionette enabled
1661020551738	Marionette	INFO	Listening on port 52769
WebDriver BiDi listening on ws://localhost:52756
Read port: 52769
1661020551904	RemoteAgent	WARN	TLS certificate errors will be ignored for this session
console.warn: SearchSettings: "get: No settings file exists, new profile?" (new NotFoundError("Could not open the file at C:\\Users\\robin\\AppData\\Local\\Temp\\rust_mozprofilekKt0al\\search.json.mozlz4", (void 0)))
DevTools listening on ws://localhost:52756/devtools/browser/3eff9849-3d79-47c0-b708-04015acf6e2c
JavaScript error: https://stockx.com/fr-fr/sneakers/most-popular, line 43: TypeError: p is null
1661020556230	Marionette	INFO	Stopped listening on port 52769
JavaScript error: resource://gre/modules/Sqlite.jsm, line 1109: Error: Sqlite.jsm has been shutdown. Cannot open connection to: C:\Users\robin\AppData\Local\Temp\rust_mozprofilekKt0al\protections.sqlite
1661020654934	geckodriver	INFO	Listening on 127.0.0.1:52841
1661020658009	mozrunner::runner	INFO	Running command: "C:\\Program Files\\Mozilla Firefox\\firefox.exe" "--marionette" "--remote-debugging-port" "52842" "--remote-allow-hosts" "localhost" "-no-remote" "-profile" "C:\\Users\\robin\\AppData\\Local\\Temp\\rust_mozprofileu0CB1M"
1661020658521	Marionette	INFO	Marionette enabled
1661020658528	Marionette	INFO	Listening on port 52854
WebDriver BiDi listening on ws://localhost:52842
Read port: 52854
1661020658691	RemoteAgent	WARN	TLS certificate errors will be ignored for this session
console.warn: SearchSettings: "get: No settings file exists, new profile?" (new NotFoundError("Could not open the file at C:\\Users\\robin\\AppData\\Local\\Temp\\rust_mozprofileu0CB1M\\search.json.mozlz4", (void 0)))
DevTools listening on ws://localhost:52842/devtools/browser/8b954fd8-52f3-4770-b450-0b1e7a1446d4
JavaScript error: https://stockx.com/fr-fr/sneakers/most-popular, line 43: TypeError: p is null
1661020663580	Marionette	INFO	Stopped listening on port 52854
JavaScript warning: https://beacon.riskified.com/?shop=stockx.com&sid=5eca2b0c-72de-4e52-af28-2cb6a505d762, line 7: WEBGL_debug_renderer_info is deprecated in Firefox and will be removed. Please use RENDERER.
JavaScript error: resource://gre/modules/Sqlite.jsm, line 1109: Error: Sqlite.jsm has been shutdown. Cannot open connection to: C:\Users\robin\AppData\Local\Temp\rust_mozprofileu0CB1M\protections.sqlite
1661021296959	geckodriver	INFO	Listening on 127.0.0.1:53281
1661021300024	mozrunner::runner	INFO	Running command: "C:\\Program Files\\Mozilla Firefox\\firefox.exe" "--marionette" "--remote-debugging-port" "53282" "--remote-allow-hosts" "localhost" "-no-remote" "-profile" "C:\\Users\\robin\\AppData\\Local\\Temp\\rust_mozprofile8ET0QZ"
1661021302497	Marionette	INFO	Marionette enabled
1661021302506	Marionette	INFO	Listening on port 53295
WebDriver BiDi listening on ws://localhost:53282
Read port: 53295
1661021302787	RemoteAgent	WARN	TLS certificate errors will be ignored for this session
console.warn: SearchSettings: "get: No settings file exists, new profile?" (new NotFoundError("Could not open the file at C:\\Users\\robin\\AppData\\Local\\Temp\\rust_mozprofile8ET0QZ\\search.json.mozlz4", (void 0)))
DevTools listening on ws://localhost:53282/devtools/browser/c38e442a-7281-4033-a743-eaca1da05905
JavaScript error: https://stockx.com/fr-fr/sneakers/most-popular?page=0, line 43: TypeError: p is null
1661021308839	Marionette	INFO	Stopped listening on port 53295
[Parent 12064, IPC I/O Parent] WARNING: file /builds/worker/checkouts/gecko/ipc/chromium/src/base/process_util_win.cc:167
JavaScript error: resource://gre/modules/Sqlite.jsm, line 1109: Error: Sqlite.jsm has been shutdown. Cannot open connection to: C:\Users\robin\AppData\Local\Temp\rust_mozprofile8ET0QZ\protections.sqlite
1661021562605	geckodriver	INFO	Listening on 127.0.0.1:53478
1661021565658	mozrunner::runner	INFO	Running command: "C:\\Program Files\\Mozilla Firefox\\firefox.exe" "--marionette" "--remote-debugging-port" "53479" "--remote-allow-hosts" "localhost" "-no-remote" "-profile" "C:\\Users\\robin\\AppData\\Local\\Temp\\rust_mozprofileNW8wYa"
1661021566178	Marionette	INFO	Marionette enabled
1661021566185	Marionette	INFO	Listening on port 53492
WebDriver BiDi listening on ws://localhost:53479
Read port: 53492
1661021566346	RemoteAgent	WARN	TLS certificate errors will be ignored for this session
console.warn: SearchSettings: "get: No settings file exists, new profile?" (new NotFoundError("Could not open the file at C:\\Users\\robin\\AppData\\Local\\Temp\\rust_mozprofileNW8wYa\\search.json.mozlz4", (void 0)))
DevTools listening on ws://localhost:53479/devtools/browser/7f5a9ab5-458e-4c91-86c7-000615234a35
JavaScript error: https://stockx.com/fr-fr/sneakers/most-popular?page=0, line 43: TypeError: p is null
1661021570723	Marionette	INFO	Stopped listening on port 53492
JavaScript error: resource://gre/modules/Sqlite.jsm, line 1109: Error: Sqlite.jsm has been shutdown. Cannot open connection to: C:\Users\robin\AppData\Local\Temp\rust_mozprofileNW8wYa\protections.sqlite
1661021648774	geckodriver	INFO	Listening on 127.0.0.1:53621
1661021651850	mozrunner::runner	INFO	Running command: "C:\\Program Files\\Mozilla Firefox\\firefox.exe" "--marionette" "--remote-debugging-port" "53622" "--remote-allow-hosts" "localhost" "-no-remote" "-profile" "C:\\Users\\robin\\AppData\\Local\\Temp\\rust_mozprofileA4TkTm"
1661021652358	Marionette	INFO	Marionette enabled
1661021652365	Marionette	INFO	Listening on port 53634
WebDriver BiDi listening on ws://localhost:53622
Read port: 53634
1661021652530	RemoteAgent	WARN	TLS certificate errors will be ignored for this session
console.warn: SearchSettings: "get: No settings file exists, new profile?" (new NotFoundError("Could not open the file at C:\\Users\\robin\\AppData\\Local\\Temp\\rust_mozprofileA4TkTm\\search.json.mozlz4", (void 0)))
DevTools listening on ws://localhost:53622/devtools/browser/2f3f77e7-6c8e-4dc6-890f-67e39dd4d29b
JavaScript error: https://stockx.com/fr-fr/sneakers/most-popular?page=0, line 39: TypeError: p is null
1661021656000	Marionette	INFO	Stopped listening on port 53634
JavaScript error: resource://gre/modules/Sqlite.jsm, line 1109: Error: Sqlite.jsm has been shutdown. Cannot open connection to: C:\Users\robin\AppData\Local\Temp\rust_mozprofileA4TkTm\protections.sqlite
1661021689927	geckodriver	INFO	Listening on 127.0.0.1:53752
1661021692996	mozrunner::runner	INFO	Running command: "C:\\Program Files\\Mozilla Firefox\\firefox.exe" "--marionette" "--remote-debugging-port" "53753" "--remote-allow-hosts" "localhost" "-no-remote" "-profile" "C:\\Users\\robin\\AppData\\Local\\Temp\\rust_mozprofile9U6tit"
1661021693513	Marionette	INFO	Marionette enabled
1661021693520	Marionette	INFO	Listening on port 53762
WebDriver BiDi listening on ws://localhost:53753
Read port: 53762
1661021693684	RemoteAgent	WARN	TLS certificate errors will be ignored for this session
console.warn: SearchSettings: "get: No settings file exists, new profile?" (new NotFoundError("Could not open the file at C:\\Users\\robin\\AppData\\Local\\Temp\\rust_mozprofile9U6tit\\search.json.mozlz4", (void 0)))
DevTools listening on ws://localhost:53753/devtools/browser/02417ebf-7e7c-4dc2-8c0a-80364837d643
JavaScript error: https://stockx.com/fr-fr/sneakers/most-popular?page=0, line 39: TypeError: p is null
1661021697621	Marionette	INFO	Stopped listening on port 53762
JavaScript warning: https://beacon.riskified.com/?shop=stockx.com&sid=e5906adc-2401-4657-8a00-7a4944737fb5, line 7: WEBGL_debug_renderer_info is deprecated in Firefox and will be removed. Please use RENDERER.
JavaScript error: resource://gre/modules/Sqlite.jsm, line 1109: Error: Sqlite.jsm has been shutdown. Cannot open connection to: C:\Users\robin\AppData\Local\Temp\rust_mozprofile9U6tit\protections.sqlite
1661021744920	geckodriver	INFO	Listening on 127.0.0.1:53879
1661021747950	mozrunner::runner	INFO	Running command: "C:\\Program Files\\Mozilla Firefox\\firefox.exe" "--marionette" "--remote-debugging-port" "53880" "--remote-allow-hosts" "localhost" "-no-remote" "-profile" "C:\\Users\\robin\\AppData\\Local\\Temp\\rust_mozprofileRW4snz"
1661021748472	Marionette	INFO	Marionette enabled
1661021748480	Marionette	INFO	Listening on port 53893
WebDriver BiDi listening on ws://localhost:53880
Read port: 53893
1661021748643	RemoteAgent	WARN	TLS certificate errors will be ignored for this session
console.warn: SearchSettings: "get: No settings file exists, new profile?" (new NotFoundError("Could not open the file at C:\\Users\\robin\\AppData\\Local\\Temp\\rust_mozprofileRW4snz\\search.json.mozlz4", (void 0)))
DevTools listening on ws://localhost:53880/devtools/browser/31e20da9-85bb-46da-a436-125b36a6356b
JavaScript error: https://stockx.com/fr-fr/sneakers/most-popular?page=1, line 43: TypeError: p is null
1661021752717	Marionette	INFO	Stopped listening on port 53893
JavaScript warning: https://beacon.riskified.com/?shop=stockx.com&sid=0723c08f-ace5-4c02-91f5-1e3f539b484e, line 7: WEBGL_debug_renderer_info is deprecated in Firefox and will be removed. Please use RENDERER.
JavaScript error: resource://gre/modules/Sqlite.jsm, line 1109: Error: Sqlite.jsm has been shutdown. Cannot open connection to: C:\Users\robin\AppData\Local\Temp\rust_mozprofileRW4snz\protections.sqlite
1661021885100	geckodriver	INFO	Listening on 127.0.0.1:54115
1661021888139	mozrunner::runner	INFO	Running command: "C:\\Program Files\\Mozilla Firefox\\firefox.exe" "--marionette" "--remote-debugging-port" "54116" "--remote-allow-hosts" "localhost" "-no-remote" "-profile" "C:\\Users\\robin\\AppData\\Local\\Temp\\rust_mozprofile0uCaLx"
1661021888660	Marionette	INFO	Marionette enabled
1661021888667	Marionette	INFO	Listening on port 54129
WebDriver BiDi listening on ws://localhost:54116
Read port: 54129
1661021888827	RemoteAgent	WARN	TLS certificate errors will be ignored for this session
console.warn: SearchSettings: "get: No settings file exists, new profile?" (new NotFoundError("Could not open the file at C:\\Users\\robin\\AppData\\Local\\Temp\\rust_mozprofile0uCaLx\\search.json.mozlz4", (void 0)))
DevTools listening on ws://localhost:54116/devtools/browser/abe6bcb3-4fb3-4d26-963b-ef50b3633703
JavaScript error: https://stockx.com/fr-fr/sneakers/most-popular?page=1, line 43: TypeError: p is null
1661021893486	Marionette	INFO	Stopped listening on port 54129
JavaScript error: resource://gre/modules/Sqlite.jsm, line 1109: Error: Sqlite.jsm has been shutdown. Cannot open connection to: C:\Users\robin\AppData\Local\Temp\rust_mozprofile0uCaLx\protections.sqlite
1661033022896	geckodriver	INFO	Listening on 127.0.0.1:54717
1661033025954	mozrunner::runner	INFO	Running command: "C:\\Program Files\\Mozilla Firefox\\firefox.exe" "--marionette" "--remote-debugging-port" "54718" "--remote-allow-hosts" "localhost" "-no-remote" "-profile" "C:\\Users\\robin\\AppData\\Local\\Temp\\rust_mozprofile4AItrz"
1661033026981	Marionette	INFO	Marionette enabled
1661033026991	Marionette	INFO	Listening on port 54729
WebDriver BiDi listening on ws://localhost:54718
Read port: 54729
1661033027241	RemoteAgent	WARN	TLS certificate errors will be ignored for this session
console.warn: SearchSettings: "get: No settings file exists, new profile?" (new NotFoundError("Could not open the file at C:\\Users\\robin\\AppData\\Local\\Temp\\rust_mozprofile4AItrz\\search.json.mozlz4", (void 0)))
DevTools listening on ws://localhost:54718/devtools/browser/da853a2e-d092-4ca6-a56f-ff72b13c93bc
JavaScript error: https://stockx.com/fr-fr/sneakers/most-popular?page=1, line 39: TypeError: p is null
1661033031440	Marionette	INFO	Stopped listening on port 54729
JavaScript error: resource://gre/modules/Sqlite.jsm, line 1109: Error: Sqlite.jsm has been shutdown. Cannot open connection to: C:\Users\robin\AppData\Local\Temp\rust_mozprofile4AItrz\protections.sqlite
1661033066567	geckodriver	INFO	Listening on 127.0.0.1:60738
1661033069633	mozrunner::runner	INFO	Running command: "C:\\Program Files\\Mozilla Firefox\\firefox.exe" "--marionette" "--remote-debugging-port" "60739" "--remote-allow-hosts" "localhost" "-no-remote" "-profile" "C:\\Users\\robin\\AppData\\Local\\Temp\\rust_mozprofileSPFmP5"
1661033070175	Marionette	INFO	Marionette enabled
1661033070182	Marionette	INFO	Listening on port 60750
WebDriver BiDi listening on ws://localhost:60739
Read port: 60750
1661033070345	RemoteAgent	WARN	TLS certificate errors will be ignored for this session
console.warn: SearchSettings: "get: No settings file exists, new profile?" (new NotFoundError("Could not open the file at C:\\Users\\robin\\AppData\\Local\\Temp\\rust_mozprofileSPFmP5\\search.json.mozlz4", (void 0)))
DevTools listening on ws://localhost:60739/devtools/browser/2271e1cb-47d1-49a1-be97-8f867dc7afa4
JavaScript error: https://stockx.com/fr-fr/sneakers/most-popular?page=1, line 43: TypeError: p is null
1661033074629	Marionette	INFO	Stopped listening on port 60750
JavaScript error: resource://gre/modules/Sqlite.jsm, line 1109: Error: Sqlite.jsm has been shutdown. Cannot open connection to: C:\Users\robin\AppData\Local\Temp\rust_mozprofileSPFmP5\protections.sqlite
1661098943559	geckodriver	INFO	Listening on 127.0.0.1:51026
1661098946598	mozrunner::runner	INFO	Running command: "C:\\Program Files\\Mozilla Firefox\\firefox.exe" "--marionette" "--remote-debugging-port" "51027" "--remote-allow-hosts" "localhost" "-no-remote" "-profile" "C:\\Users\\robin\\AppData\\Local\\Temp\\rust_mozprofile9hpaCA"
1661098947574	Marionette	INFO	Marionette enabled
1661098947583	Marionette	INFO	Listening on port 51040
Read port: 51040
WebDriver BiDi listening on ws://localhost:51027
1661098947775	RemoteAgent	WARN	TLS certificate errors will be ignored for this session
console.warn: SearchSettings: "get: No settings file exists, new profile?" (new NotFoundError("Could not open the file at C:\\Users\\robin\\AppData\\Local\\Temp\\rust_mozprofile9hpaCA\\search.json.mozlz4", (void 0)))
DevTools listening on ws://localhost:51027/devtools/browser/c9fedb43-d314-453b-b9ff-a0ed21b1c901
JavaScript error: https://stockx.com/fr-fr/sneakers/most-popular?page=1, line 39: TypeError: p is null
1661098951676	Marionette	INFO	Stopped listening on port 51040
JavaScript error: https://cdn.cookielaw.org/scripttemplates/6.39.0/otBannerSdk.js, line 7: TypeError: r is undefined
JavaScript error: resource://gre/modules/Sqlite.jsm, line 1109: Error: Sqlite.jsm has been shutdown. Cannot open connection to: C:\Users\robin\AppData\Local\Temp\rust_mozprofile9hpaCA\protections.sqlite
1661098965820	geckodriver	INFO	Listening on 127.0.0.1:51084
1661098968849	mozrunner::runner	INFO	Running command: "C:\\Program Files\\Mozilla Firefox\\firefox.exe" "--marionette" "--remote-debugging-port" "51085" "--remote-allow-hosts" "localhost" "-no-remote" "-profile" "C:\\Users\\robin\\AppData\\Local\\Temp\\rust_mozprofileotZENO"
1661098969426	Marionette	INFO	Marionette enabled
1661098969433	Marionette	INFO	Listening on port 51094
WebDriver BiDi listening on ws://localhost:51085
Read port: 51094
1661098969603	RemoteAgent	WARN	TLS certificate errors will be ignored for this session
console.warn: SearchSettings: "get: No settings file exists, new profile?" (new NotFoundError("Could not open the file at C:\\Users\\robin\\AppData\\Local\\Temp\\rust_mozprofileotZENO\\search.json.mozlz4", (void 0)))
DevTools listening on ws://localhost:51085/devtools/browser/7798b2ae-8335-4b93-9256-2359fd3be478
JavaScript error: https://stockx.com/fr-fr/sneakers/most-popular?page=1, line 39: TypeError: p is null
1661098973363	Marionette	INFO	Stopped listening on port 51094
JavaScript error: resource://gre/modules/AsyncShutdown.jsm, line 720: Error: Phase "Sqlite.jsm: wait until all connections are closed" is finished, it is too late to register completion condition "protections.sqlite#0: waiting for shutdown"
1661099040529	geckodriver	INFO	Listening on 127.0.0.1:51201
1661099043552	mozrunner::runner	INFO	Running command: "C:\\Program Files\\Mozilla Firefox\\firefox.exe" "--marionette" "--remote-debugging-port" "51202" "--remote-allow-hosts" "localhost" "-no-remote" "-profile" "C:\\Users\\robin\\AppData\\Local\\Temp\\rust_mozprofiledEMq96"
1661099044122	Marionette	INFO	Marionette enabled
1661099044129	Marionette	INFO	Listening on port 57152
WebDriver BiDi listening on ws://localhost:51202
Read port: 57152
1661099044297	RemoteAgent	WARN	TLS certificate errors will be ignored for this session
console.warn: SearchSettings: "get: No settings file exists, new profile?" (new NotFoundError("Could not open the file at C:\\Users\\robin\\AppData\\Local\\Temp\\rust_mozprofiledEMq96\\search.json.mozlz4", (void 0)))
DevTools listening on ws://localhost:51202/devtools/browser/f78206d9-bf4c-4bb8-a378-fc90708fd71e
JavaScript error: https://stockx.com/fr-fr/sneakers/most-popular?page=1, line 39: TypeError: p is null
1661099047984	Marionette	INFO	Stopped listening on port 57152
JavaScript error: resource://gre/modules/Sqlite.jsm, line 1109: Error: Sqlite.jsm has been shutdown. Cannot open connection to: C:\Users\robin\AppData\Local\Temp\rust_mozprofiledEMq96\protections.sqlite
1661099098742	geckodriver	INFO	Listening on 127.0.0.1:57253
1661099101781	mozrunner::runner	INFO	Running command: "C:\\Program Files\\Mozilla Firefox\\firefox.exe" "--marionette" "--remote-debugging-port" "57254" "--remote-allow-hosts" "localhost" "-no-remote" "-profile" "C:\\Users\\robin\\AppData\\Local\\Temp\\rust_mozprofile6Iy7kb"
1661099102359	Marionette	INFO	Marionette enabled
1661099102365	Marionette	INFO	Listening on port 57263
WebDriver BiDi listening on ws://localhost:57254
Read port: 57263
1661099102533	RemoteAgent	WARN	TLS certificate errors will be ignored for this session
console.warn: SearchSettings: "get: No settings file exists, new profile?" (new NotFoundError("Could not open the file at C:\\Users\\robin\\AppData\\Local\\Temp\\rust_mozprofile6Iy7kb\\search.json.mozlz4", (void 0)))
DevTools listening on ws://localhost:57254/devtools/browser/f70df1fb-516e-4d66-8f4e-c64a41eae6c3
JavaScript error: https://stockx.com/fr-fr/sneakers/most-popular?page=1, line 43: TypeError: p is null
1661099106919	Marionette	INFO	Stopped listening on port 57263
JavaScript error: resource://gre/modules/Sqlite.jsm, line 1109: Error: Sqlite.jsm has been shutdown. Cannot open connection to: C:\Users\robin\AppData\Local\Temp\rust_mozprofile6Iy7kb\protections.sqlite
1661099544775	geckodriver	INFO	Listening on 127.0.0.1:57759
1661099547759	mozrunner::runner	INFO	Running command: "C:\\Program Files\\Mozilla Firefox\\firefox.exe" "--marionette" "--remote-debugging-port" "57760" "--remote-allow-hosts" "localhost" "-no-remote" "-profile" "C:\\Users\\robin\\AppData\\Local\\Temp\\rust_mozprofilemk2BvR"
1661099548346	Marionette	INFO	Marionette enabled
1661099548353	Marionette	INFO	Listening on port 57773
WebDriver BiDi listening on ws://localhost:57760
Read port: 57773
1661099548524	RemoteAgent	WARN	TLS certificate errors will be ignored for this session
console.warn: SearchSettings: "get: No settings file exists, new profile?" (new NotFoundError("Could not open the file at C:\\Users\\robin\\AppData\\Local\\Temp\\rust_mozprofilemk2BvR\\search.json.mozlz4", (void 0)))
DevTools listening on ws://localhost:57760/devtools/browser/ceae906e-578f-4c32-88a0-2d997bd77c8b
JavaScript error: https://stockx.com/fr-fr/sneakers/most-popular?page=1, line 43: TypeError: p is null
JavaScript warning: https://2f80101b9a2a.cdn4.forter.com/sn/2f80101b9a2a/script.js, line 1: WEBGL_debug_renderer_info is deprecated in Firefox and will be removed. Please use RENDERER.
JavaScript warning: https://beacon.riskified.com/?shop=stockx.com&sid=eab610e1-0888-4394-8194-b023c5070efb, line 7: WEBGL_debug_renderer_info is deprecated in Firefox and will be removed. Please use RENDERER.
1661099561097	Marionette	INFO	Stopped listening on port 57773
console.warn: TopSitesFeed: Failed to fetch data from Contile server: NetworkError when attempting to fetch resource.
1661099580795	geckodriver	INFO	Listening on 127.0.0.1:57917
1661099583802	mozrunner::runner	INFO	Running command: "C:\\P1661099584510	mozrunner::runner	INFO	Running command: "C:\\Program Files\\Mozilla Firefox\\firefox.exe" "--marionette" "--remote-debugging-port" "57921" "--remote-allow-hosts" "localhost" "-no-remote" "-profile" "C:\\Users\\robin\\AppData\\Local\\Temp\\rust_mozprofilerccVum"
1661099585191	Marionette	INFO	Marionette enabled
1661099585198	Marionette	INFO	Listening on port 57940
WebDriver BiDi listening on ws://localhost:57921
Read port: 57940
1661099585449	RemoteAgent	WAconsole.warn: SearchSettings: "get: No settings file exists,console.warn: SearchSettings: "get: No settings file exists, new profile?" (new NotFoundError("Could not open the file at C:\\Users\\robin\\AppData\\Local\\Temp\\rust_mozprofilerccVum\\search.json.mozlz4", (void 0)))
DevTools listening on ws://localhost:57921/devtools/browser/9622e641-f361-419e-8dd5-cf4368deb408
JavaScript error: https://stockx.com/fr-fr/s1661099591184	Marionette	INFO	Stopped listening on port 57932
JavaScript warning: https://beacon.riskified.com/?shop=stockx.com&sid=51edc022-6e88-40ca-9553-50bef53ded5a, line 7: WEBGL_debug_renderer_info is deprecated in Firefox and will be removed. Please use RENDERER.
JavaScript error: resource://gre/modules/Sqlite.jsm, line 1109: Error: Sqlite.jsm has been shutdown. Cannot open connection to: C:\Users\robin\AppData\Local\Temp\rust_mozprofileuFCna1\protections.sqlite
orChild.sendAsyncMessage: JSWindowActorChild cannot send at the moment
JavaScript error: resource://gre/modules/Sqlite.jsm, line 1109: Error: Sqlite.jsm has been shutdown. Cannot open connection to: C:\Users\robin\AppData\Local\Temp\rust_mozprofilerccVum\protections.sqlite
1661099620923	geckodriver	INFO	Listening on 127.0.0.1:58076
1661099623914	mozrunner::runner	INFO	Running command: "C:\\Program Files\\Mozilla Firefox\\firefox.exe" "--marionette" "--remote-debugging-port" "58077" "--remote-allow-hosts" "localhost" "-no-remote" "-profile" "C:\\Users\\robin\\AppData\\Local\\Temp\\rust_mozprofileTLI4S5"
1661099624483	Marionette	INFO	Marionette enabled
1661099624492	Marionette	INFO	Listening on port 58088
WebDriver BiDi listening on ws://localhost:58077
Read port: 58088
1661099624665	RemoteAgent	WARN	TLS certificate errors will be ignored for this session
console.warn: SearchSettings: "get: No settings file exists, new profile?" (new NotFoundError("Could not open the file at C:\\Users\\robin\\AppData\\Local\\Temp\\rust_mozprofileTLI4S5\\search.json.mozlz4", (void 0)))
DevTools listening on ws://localhost:58077/devtools/browser/5dd6e69e-8dae-45a5-b0f1-a31fe1cc6b1e
JavaScript error: https://stockx.com/fr-fr/sneakers/most-popular?page=1, line 43: TypeError: p is null
1661099629347	Marionette	INFO	Stopped listening on port 58088
JavaScript error: resource://gre/modules/Sqlite.jsm, line 1109: Error: Sqlite.jsm has been shutdown. Cannot open connection to: C:\Users\robin\AppData\Local\Temp\rust_mozprofileTLI4S5\protections.sqlite
1661099674344	geckodriver	INFO	Listening on 127.0.0.1:59123
1661099677340	mozrunner::runner	INFO	Running command: "C:\\Program Files\\Mozilla Firefox\\firefox.exe" "--marionette" "--remote-debugging-port" "59124" "--remote-allow-hosts" "localhost" "-no-remote" "-profile" "C:\\Users\\robin\\AppData\\Local\\Temp\\rust_mozprofileZzGrO4"
1661099677906	Marionette	INFO	Marionette enabled
1661099677913	Marionette	INFO	Listening on port 59135
WebDriver BiDi listening on ws://localhost:59124
Read port: 59135
1661099678079	RemoteAgent	WARN	TLS certificate errors will be ignored for this session
console.warn: SearchSettings: "get: No settings file exists, new profile?" (new NotFoundError("Could not open the file at C:\\Users\\robin\\AppData\\Local\\Temp\\rust_mozprofileZzGrO4\\search.json.mozlz4", (void 0)))
DevTools listening on ws://localhost:59124/devtools/browser/522326c8-3f1f-4198-93d3-aa27a05384e0
1661099680481	Marionette	INFO	Stopped listening on port 59135
JavaScript error: resource://gre/modules/TerminatorTelemetry.jsm, line 69: AbortError: IOUtils: Shutting down and refusing additional I/O tasks
1661099688744	geckodriver	INFO	Listening on 127.0.0.1:59162
1661099691756	mozrunner::runner	INFO	Running command: "C:\\Program Files\\Mozilla Firefox\\firefox.exe" "--marionette" "--remote-debugging-port" "59163" "--remote-allow-hosts" "localhost" "-no-remote" "-profile" "C:\\Users\\robin\\AppData\\Local\\Temp\\rust_mozprofileKhuCtx"
1661099692328	Marionette	INFO	Marionette enabled
1661099692334	Marionette	INFO	Listening on port 59176
WebDriver BiDi listening on ws://localhost:59163
Read port: 59176
1661099692502	RemoteAgent	WARN	TLS certificate errors will be ignored for this session
console.warn: SearchSettings: "get: No settings file exists, new profile?" (new NotFoundError("Could not open the file at C:\\Users\\robin\\AppData\\Local\\Temp\\rust_mozprofileKhuCtx\\search.json.mozlz4", (void 0)))
DevTools listening on ws://localhost:59163/devtools/browser/e2f055a4-ecd5-44f9-b4f4-2c53ba11a4d4
1661099694852	Marionette	INFO	Stopped listening on port 59176
JavaScript error: resource://gre/modules/TerminatorTelemetry.jsm, line 69: AbortError: IOUtils: Shutting down and refusing additional I/O tasks
1661099701785	geckodriver	INFO	Listening on 127.0.0.1:59202
1661099704802	mozrunner::runner	INFO	Running command: "C:\\Program Files\\Mozilla Firefox\\firefox.exe" "--marionette" "--remote-debugging-port" "59203" "--remote-allow-hosts" "localhost" "-no-remote" "-profile" "C:\\Users\\robin\\AppData\\Local\\Temp\\rust_mozprofilehmCUe0"
1661099705399	Marionette	INFO	Marionette enabled
1661099705406	Marionette	INFO	Listening on port 59212
WebDriver BiDi listening on ws://localhost:59203
Read port: 59212
1661099705568	RemoteAgent	WARN	TLS certificate errors will be ignored for this session
console.warn: SearchSettings: "get: No settings file exists, new profile?" (new NotFoundError("Could not open the file at C:\\Users\\robin\\AppData\\Local\\Temp\\rust_mozprofilehmCUe0\\search.json.mozlz4", (void 0)))
DevTools listening on ws://localhost:59203/devtools/browser/3dcb6c43-5be8-4d46-be28-b5cd8ca25e28
1661099708423	Marionette	INFO	Stopped listening on port 59212
1661099745022	geckodriver	INFO	Listening on 127.0.0.1:59251
1661099748068	mozrunner::runner	INFO	Running command: "C:\\Program Files\\Mozilla Firefox\\firefox.exe" "--marionette" "--remote-debugging-port" "59252" "--remote-allow-hosts" "localhost" "-no-remote" "-profile" "C:\\Users\\robin\\AppData\\Local\\Temp\\rust_mozprofileb9I1Nm"
1661099748643	Marionette	INFO	Marionette enabled
1661099748651	Marionette	INFO	Listening on port 59264
WebDriver BiDi listening on ws://localhost:59252
Read port: 59264
1661099748823	RemoteAgent	WARN	TLS certificate errors will be ignored for this session
console.warn: SearchSettings: "get: No settings file exists, new profile?" (new NotFoundError("Could not open the file at C:\\Users\\robin\\AppData\\Local\\Temp\\rust_mozprofileb9I1Nm\\search.json.mozlz4", (void 0)))
DevTools listening on ws://localhost:59252/devtools/browser/a08bce2f-b891-4360-a675-0f05f74d4b75
1661099751225	Marionette	INFO	Stopped listening on port 59264
JavaScript error: resource://gre/modules/TerminatorTelemetry.jsm, line 69: AbortError: IOUtils: Shutting down and refusing additional I/O tasks
1661099819142	geckodriver	INFO	Listening on 127.0.0.1:59477
1661099822106	mozrunner::runner	INFO	Running command: "C:\\Program Files\\Mozilla Firefox\\firefox.exe" "--marionette" "--remote-debugging-port" "59478" "--remote-allow-hosts" "localhost" "-no-remote" "-profile" "C:\\Users\\robin\\AppData\\Local\\Temp\\rust_mozprofiledfGZjx"
1661099822824	Marionette	INFO	Marionette enabled
1661099822834	Marionette	INFO	Listening on port 59487
WebDriver BiDi listening on ws://localhost:59478
Read port: 59487
1661099823062	RemoteAgent	WARN	TLS certificate errors will be ignored for this session
console.warn: SearchSettings: "get: No settings file exists, new profile?" (new NotFoundError("Could not open the file at C:\\Users\\robin\\AppData\\Local\\Temp\\rust_mozprofiledfGZjx\\search.json.mozlz4", (void 0)))
DevTools listening on ws://localhost:59478/devtools/browser/846b3e83-4222-4d9b-954b-bbf55e81a8d0
JavaScript error: https://stockx.com/fr-fr/sneakers/most-popular?page=1, line 39: TypeError: p is null
1661099827019	Marionette	INFO	Stopped listening on port 59487
JavaScript error: resource://gre/modules/Sqlite.jsm, line 1109: Error: Sqlite.jsm has been shutdown. Cannot open connection to: C:\Users\robin\AppData\Local\Temp\rust_mozprofiledfGZjx\protections.sqlite
1661099839504	geckodriver	INFO	Listening on 127.0.0.1:59536
1661099842547	mozrunner::runner	INFO	Running command: "C:\\Program Files\\Mozilla Firefox\\firefox.exe" "--marionette" "--remote-debugging-port" "59537" "--remote-allow-hosts" "localhost" "-no-remote" "-profile" "C:\\Users\\robin\\AppData\\Local\\Temp\\rust_mozprofileld4h7M"
1661099843144	Marionette	INFO	Marionette enabled
1661099843152	Marionette	INFO	Listening on port 59546
WebDriver BiDi listening on ws://localhost:59537
Read port: 59546
1661099843315	RemoteAgent	WARN	TLS certificate errors will be ignored for this session
console.warn: SearchSettings: "get: No settings file exists, new profile?" (new NotFoundError("Could not open the file at C:\\Users\\robin\\AppData\\Local\\Temp\\rust_mozprofileld4h7M\\search.json.mozlz4", (void 0)))
DevTools listening on ws://localhost:59537/devtools/browser/317cbcb8-1b4d-465c-bd17-8ab4e9611225
JavaScript error: https://stockx.com/fr-fr/sneakers/most-popular?page=1, line 43: TypeError: p is null
1661099847653	Marionette	INFO	Stopped listening on port 59546
JavaScript error: resource://gre/modules/Sqlite.jsm, line 1109: Error: Sqlite.jsm has been shutdown. Cannot open connection to: C:\Users\robin\AppData\Local\Temp\rust_mozprofileld4h7M\protections.sqlite
1661099910087	geckodriver	INFO	Listening on 127.0.0.1:59698
1661099913120	mozrunner::runner	INFO	Running command: "C:\\Program Files\\Mozilla Firefox\\firefox.exe" "--marionette" "--remote-debugging-port" "59699" "--remote-allow-hosts" "localhost" "-no-remote" "-profile" "C:\\Users\\robin\\AppData\\Local\\Temp\\rust_mozprofiley4qJOX"
1661099913686	Marionette	INFO	Marionette enabled
1661099913693	Marionette	INFO	Listening on port 59714
WebDriver BiDi listening on ws://localhost:59699
Read port: 59714
1661099913861	RemoteAgent	WARN	TLS certificate errors will be ignored for this session
console.warn: SearchSettings: "get: No settings file exists, new profile?" (new NotFoundError("Could not open the file at C:\\Users\\robin\\AppData\\Local\\Temp\\rust_mozprofiley4qJOX\\search.json.mozlz4", (void 0)))
DevTools listening on ws://localhost:59699/devtools/browser/8700d6e9-50d3-4111-a9d8-10e6a5f2e594
JavaScript error: https://stockx.com/fr-fr/sneakers/most-popular?page=1, line 39: TypeError: p is null
JavaScript warning: https://2f80101b9a2a.cdn4.forter.com/sn/2f80101b9a2a/script.js, line 1: WEBGL_debug_renderer_info is deprecated in Firefox and will be removed. Please use RENDERER.
JavaScript warning: https://beacon.riskified.com/?shop=stockx.com&sid=d7aeb922-ab74-43e7-a070-7ffd5ff4f489, line 7: WEBGL_debug_renderer_info is deprecated in Firefox and will be removed. Please use RENDERER.
1661099919722	Marionette	INFO	Stopped listening on port 59714
JavaScript error: resource://gre/modules/Sqlite.jsm, line 1109: Error: Sqlite.jsm has been shutdown. Cannot open connection to: C:\Users\robin\AppData\Local\Temp\rust_mozprofiley4qJOX\protections.sqlite
1661100087727	geckodriver	INFO	Listening on 127.0.0.1:59935
1661100090766	mozrunner::runner	INFO	Running command: "C:\\Program Files\\Mozilla Firefox\\firefox.exe" "--marionette" "--remote-debugging-port" "59936" "--remote-allow-hosts" "localhost" "-no-remote" "-profile" "C:\\Users\\robin\\AppData\\Local\\Temp\\rust_mozprofilekruW7s"
1661100091502	Marionette	INFO	Marionette enabled
1661100091510	Marionette	INFO	Listening on port 59947
WebDriver BiDi listening on ws://localhost:59936
Read port: 59947
1661100091671	RemoteAgent	WARN	TLS certificate errors will be ignored for this session
console.warn: SearchSettings: "get: No settings file exists, new profile?" (new NotFoundError("Could not open the file at C:\\Users\\robin\\AppData\\Local\\Temp\\rust_mozprofilekruW7s\\search.json.mozlz4", (void 0)))
DevTools listening on ws://localhost:59936/devtools/browser/19ce322a-ef1d-43c2-8d3e-a284c6f0fbb2
JavaScript error: https://stockx.com/fr-fr/sneakers/most-popular?page=1, line 39: TypeError: p is null
JavaScript warning: https://2f80101b9a2a.cdn4.forter.com/sn/2f80101b9a2a/script.js, line 1: WEBGL_debug_renderer_info is deprecated in Firefox and will be removed. Please use RENDERER.
JavaScript warning: https://beacon.riskified.com/?shop=stockx.com&sid=e8150775-1547-4e65-b375-735445afbe24, line 7: WEBGL_debug_renderer_info is deprecated in Firefox and will be removed. Please use RENDERER.
1661100098702	Marionette	INFO	Stopped listening on port 59947
1661100205510	geckodriver	INFO	Listening on 127.0.0.1:60118
1661100208539	mozrunner::runner	INFO	Running command: "C:\\Program Files\\Mozilla Firefox\\firefox.exe" "--marionette" "--remote-debugging-port" "60119" "--remote-allow-hosts" "localhost" "-no-remote" "-profile" "C:\\Users\\robin\\AppData\\Local\\Temp\\rust_mozprofileZwgqtY"
1661100209131	Marionette	INFO	Marionette enabled
1661100209138	Marionette	INFO	Listening on port 60130
WebDriver BiDi listening on ws://localhost:60119
Read port: 60130
1661100209308	RemoteAgent	WARN	TLS certificate errors will be ignored for this session
console.warn: SearchSettings: "get: No settings file exists, new profile?" (new NotFoundError("Could not open the file at C:\\Users\\robin\\AppData\\Local\\Temp\\rust_mozprofileZwgqtY\\search.json.mozlz4", (void 0)))
DevTools listening on ws://localhost:60119/devtools/browser/3fa42d39-e7ed-4033-a4c7-51810e5bfcc8
JavaScript error: https://stockx.com/fr-fr/sneakers/most-popular?page=1, line 43: TypeError: p is null
1661100213859	Marionette	INFO	Stopped listening on port 60130
JavaScript warning: https://beacon.riskified.com/?shop=stockx.com&sid=f84219f2-9bc0-491e-879d-9929a3628be2, line 7: WEBGL_debug_renderer_info is deprecated in Firefox and will be removed. Please use RENDERER.
JavaScript error: resource://gre/modules/Sqlite.jsm, line 1109: Error: Sqlite.jsm has been shutdown. Cannot open connection to: C:\Users\robin\AppData\Local\Temp\rust_mozprofileZwgqtY\protections.sqlite
1661100257561	geckodriver	INFO	Listening on 127.0.0.1:60269
1661100260566	mozrunner::runner	INFO	Running command: "C:\\Program Files\\Mozilla Firefox\\firefox.exe" "--marionette" "--remote-debugging-port" "60270" "--remote-allow-hosts" "localhost" "-no-remote" "-profile" "C:\\Users\\robin\\AppData\\Local\\Temp\\rust_mozprofileeNpYJP"
1661100261128	Marionette	INFO	Marionette enabled
1661100261135	Marionette	INFO	Listening on port 60279
WebDriver BiDi listening on ws://localhost:60270
Read port: 60279
1661100261309	RemoteAgent	WARN	TLS certificate errors will be ignored for this session
console.warn: SearchSettings: "get: No settings file exists, new profile?" (new NotFoundError("Could not open the file at C:\\Users\\robin\\AppData\\Local\\Temp\\rust_mozprofileeNpYJP\\search.json.mozlz4", (void 0)))
DevTools listening on ws://localhost:60270/devtools/browser/55bf9a3b-13a2-446a-8c86-22eaf7ce58b7
JavaScript error: https://stockx.com/fr-fr/sneakers/most-popular?page=1, line 43: TypeError: p is null
1661100266089	Marionette	INFO	Stopped listening on port 60279
JavaScript warning: https://beacon.riskified.com/?shop=stockx.com&sid=c287ee36-789d-492f-b711-13a1f3c7df86, line 7: WEBGL_debug_renderer_info is deprecated in Firefox and will be removed. Please use RENDERER.
JavaScript error: resource://gre/modules/Sqlite.jsm, line 1109: Error: Sqlite.jsm has been shutdown. Cannot open connection to: C:\Users\robin\AppData\Local\Temp\rust_mozprofileeNpYJP\protections.sqlite
1661100316009	geckodriver	INFO	Listening on 127.0.0.1:60386
1661100319020	mozrunner::runner	INFO	Running command: "C:\\Program Files\\Mozilla Firefox\\firefox.exe" "--marionette" "--remote-debugging-port" "60387" "--remote-allow-hosts" "localhost" "-no-remote" "-profile" "C:\\Users\\robin\\AppData\\Local\\Temp\\rust_mozprofilezKoFda"
1661100319582	Marionette	INFO	Marionette enabled
1661100319590	Marionette	INFO	Listening on port 60404
WebDriver BiDi listening on ws://localhost:60387
Read port: 60404
1661100319759	RemoteAgent	WARN	TLS certificate errors will be ignored for this session
console.warn: SearchSettings: "get: No settings file exists, new profile?" (new NotFoundError("Could not open the file at C:\\Users\\robin\\AppData\\Local\\Temp\\rust_mozprofilezKoFda\\search.json.mozlz4", (void 0)))
DevTools listening on ws://localhost:60387/devtools/browser/602ccf86-cbf7-44ad-9741-90ddaeff42ae
JavaScript error: https://stockx.com/fr-fr/sneakers/most-popular?page=1, line 39: TypeError: p is null
1661100323473	Marionette	INFO	Stopped listening on port 60404
JavaScript error: resource://gre/modules/Sqlite.jsm, line 1109: Error: Sqlite.jsm has been shutdown. Cannot open connection to: C:\Users\robin\AppData\Local\Temp\rust_mozprofilezKoFda\protections.sqlite
